 ------------------------------------------------------------------------
 This output file is generated by SPHERA (Smoothed Particle Hydrodynamics
 research software; mesh-less Computational Fluid Dynamics code).        
 Copyright 2005-2017 (RSE SpA-formerly ERSE SpA, formerly CESI RICERCA,  
 formerly CESI-Ricerca di Sistema; SPHERA has been authored for RSE SpA by:
 Andrea Amicarelli, Antonio Di Monaco, Sauro Manenti, Elia Bon,          
 Daria Gatti, Giordano Agate, Stefano Falappi, Barbara Flamini,          
 Roberto Guandalini, David Zuccalà).                                     
 Main numerical developments of SPHERA:                                  
 Amicarelli et al. (2015,CAF), Amicarelli et al. (2013,IJNME),           
 Manenti et al. (2012,JHE), Di Monaco et al. (2011,EACFM).               
 Email contact: andrea.amicarelli@rse-web.it                             
 SPHERA is released under the terms of GNU General Public License as     
 published by the Free Software Foundation,                              
 either version 3 of the License, or (at your option) any later version. 
 SPHERA is distributed in the hope that it will be                       
 useful, but WITHOUT ANY WARRANTY; without even the implied warranty of  
 MERCHANTABILITY or FITNESS FOR A PARTICULAR PURPOSE.                    
  



 >>> SPHERA execution started the Nov 29, 2017 at 20:26:39.793 +0800 GMT

 >>> SPHERA execution module :SPHERA_v_8_0_AA_gfortran_bin.x

 >>> Case identifier :dam_break_2D_demo

  >> The following files have been assigned and checked:
     Input  file      : dam_break_2D_demo.inp
     Output file      : dam_break_2D_demo.out
     Result file      : dam_break_2D_demo.ris
     Restart file     : dam_break_2D_demo.rst
     Free surface file: dam_break_2D_demo.plb
     Front file       : dam_break_2D_demo.fro

 >> Input data management starts... 
 >> Storage deallocation in routine GEST_INPUT
 >> Temporary storage allocation in routine GEST_INPUT
     Arrays VERTICE, BoundaryFace, TRATTO, BOUNDARYVERTEX successfully allocated 
     Arrays PARTZ, MED, Control_Sections, Control_Points, Control_Lines successfully allocated 
 >>>>>>>>>>>>>> Warning:

 Error reading unit:     11
 Expected data:       FIXED: SHEAR STRESS COEFFICIENT, LAMINAR NO-SLIP CHECK
 Last input line read:0.(line number:      54)

 >> Reading error was detected in INPUT FILE.  error code=        4


 ====================================================================================================

Diagnostic  5 detected * Run ended unsuccessfully

 An error was detected analyzing the input data deck for the line:
 ->dimensioning<-
 Specific code error is:
   304 - Ascii input dimensioning fails at the record reported above
 ====================================================================================================
